c:\users\elitk\documents\projects\code\game modifications\openjk\src\build\codemp\rd-vanilla\rd-vanilla_x86.dir\debug\g2_api.obj
c:\users\elitk\documents\projects\code\game modifications\openjk\src\build\codemp\rd-vanilla\rd-vanilla_x86.dir\debug\tr_main.obj
c:\users\elitk\documents\projects\code\game modifications\openjk\src\build\codemp\rd-vanilla\rd-vanilla_x86.dir\debug\tr_surfacesprites.obj
c:\users\elitk\documents\projects\code\game modifications\openjk\src\build\codemp\rd-vanilla\rd-vanilla_x86.dir\debug\g2_bones.obj
c:\users\elitk\documents\projects\code\game modifications\openjk\src\build\codemp\rd-vanilla\rd-vanilla_x86.dir\debug\tr_marks.obj
c:\users\elitk\documents\projects\code\game modifications\openjk\src\build\codemp\rd-vanilla\rd-vanilla_x86.dir\debug\tr_subs.obj
c:\users\elitk\documents\projects\code\game modifications\openjk\src\build\codemp\rd-vanilla\rd-vanilla_x86.dir\debug\tr_noise.obj
c:\users\elitk\documents\projects\code\game modifications\openjk\src\build\codemp\rd-vanilla\rd-vanilla_x86.dir\debug\tr_bsp.obj
c:\users\elitk\documents\projects\code\game modifications\openjk\src\build\codemp\rd-vanilla\rd-vanilla_x86.dir\debug\tr_init.obj
c:\users\elitk\documents\projects\code\game modifications\openjk\src\build\codemp\rd-vanilla\rd-vanilla_x86.dir\debug\tr_surface.obj
c:\users\elitk\documents\projects\code\game modifications\openjk\src\build\codemp\rd-vanilla\rd-vanilla_x86.dir\debug\g2_misc.obj
c:\users\elitk\documents\projects\code\game modifications\openjk\src\build\codemp\rd-vanilla\rd-vanilla_x86.dir\debug\tr_shader.obj
c:\users\elitk\documents\projects\code\game modifications\openjk\src\build\codemp\rd-vanilla\rd-vanilla_x86.dir\debug\tr_font.obj
c:\users\elitk\documents\projects\code\game modifications\openjk\src\build\codemp\rd-vanilla\rd-vanilla_x86.dir\debug\tr_backend.obj
c:\users\elitk\documents\projects\code\game modifications\openjk\src\build\codemp\rd-vanilla\rd-vanilla_x86.dir\debug\tr_shade.obj
c:\users\elitk\documents\projects\code\game modifications\openjk\src\build\codemp\rd-vanilla\rd-vanilla_x86.dir\debug\tr_image_jpg.obj
c:\users\elitk\documents\projects\code\game modifications\openjk\src\build\codemp\rd-vanilla\rd-vanilla_x86.dir\debug\tr_ghoul2.obj
c:\users\elitk\documents\projects\code\game modifications\openjk\src\build\codemp\rd-vanilla\rd-vanilla_x86.dir\debug\tr_scene.obj
c:\users\elitk\documents\projects\code\game modifications\openjk\src\build\codemp\rd-vanilla\rd-vanilla_x86.dir\debug\tr_worldeffects.obj
c:\users\elitk\documents\projects\code\game modifications\openjk\src\build\codemp\rd-vanilla\rd-vanilla_x86.dir\debug\tr_arb.obj
c:\users\elitk\documents\projects\code\game modifications\openjk\src\build\codemp\rd-vanilla\rd-vanilla_x86.dir\debug\tr_quicksprite.obj
c:\users\elitk\documents\projects\code\game modifications\openjk\src\build\codemp\rd-vanilla\rd-vanilla_x86.dir\debug\g2_gore.obj
c:\users\elitk\documents\projects\code\game modifications\openjk\src\build\codemp\rd-vanilla\rd-vanilla_x86.dir\debug\tr_image_png.obj
c:\users\elitk\documents\projects\code\game modifications\openjk\src\build\codemp\rd-vanilla\rd-vanilla_x86.dir\debug\tr_decals.obj
c:\users\elitk\documents\projects\code\game modifications\openjk\src\build\codemp\rd-vanilla\rd-vanilla_x86.dir\debug\tr_mesh.obj
c:\users\elitk\documents\projects\code\game modifications\openjk\src\build\codemp\rd-vanilla\rd-vanilla_x86.dir\debug\tr_sky.obj
c:\users\elitk\documents\projects\code\game modifications\openjk\src\build\codemp\rd-vanilla\rd-vanilla_x86.dir\debug\matcomp.obj
c:\users\elitk\documents\projects\code\game modifications\openjk\src\build\codemp\rd-vanilla\rd-vanilla_x86.dir\debug\string.obj
c:\users\elitk\documents\projects\code\game modifications\openjk\src\build\codemp\rd-vanilla\rd-vanilla_x86.dir\debug\g2_surfaces.obj
c:\users\elitk\documents\projects\code\game modifications\openjk\src\build\codemp\rd-vanilla\rd-vanilla_x86.dir\debug\tr_shadows.obj
c:\users\elitk\documents\projects\code\game modifications\openjk\src\build\codemp\rd-vanilla\rd-vanilla_x86.dir\debug\q_shared.obj
c:\users\elitk\documents\projects\code\game modifications\openjk\src\build\codemp\rd-vanilla\rd-vanilla_x86.dir\debug\tr_curve.obj
c:\users\elitk\documents\projects\code\game modifications\openjk\src\build\codemp\rd-vanilla\rd-vanilla_x86.dir\debug\tr_light.obj
c:\users\elitk\documents\projects\code\game modifications\openjk\src\build\codemp\rd-vanilla\rd-vanilla_x86.dir\debug\tr_skin.obj
c:\users\elitk\documents\projects\code\game modifications\openjk\src\build\codemp\rd-vanilla\rd-vanilla_x86.dir\debug\tr_image_tga.obj
c:\users\elitk\documents\projects\code\game modifications\openjk\src\build\codemp\rd-vanilla\rd-vanilla_x86.dir\debug\tr_cmds.obj
c:\users\elitk\documents\projects\code\game modifications\openjk\src\build\codemp\rd-vanilla\rd-vanilla_x86.dir\debug\tr_model.obj
c:\users\elitk\documents\projects\code\game modifications\openjk\src\build\codemp\rd-vanilla\rd-vanilla_x86.dir\debug\tr_image_load.obj
c:\users\elitk\documents\projects\code\game modifications\openjk\src\build\codemp\rd-vanilla\rd-vanilla_x86.dir\debug\g2_bolts.obj
c:\users\elitk\documents\projects\code\game modifications\openjk\src\build\codemp\rd-vanilla\rd-vanilla_x86.dir\debug\tr_image.obj
c:\users\elitk\documents\projects\code\game modifications\openjk\src\build\codemp\rd-vanilla\rd-vanilla_x86.dir\debug\tr_shade_calc.obj
c:\users\elitk\documents\projects\code\game modifications\openjk\src\build\codemp\rd-vanilla\rd-vanilla_x86.dir\debug\tr_world.obj
c:\users\elitk\documents\projects\code\game modifications\openjk\src\build\codemp\rd-vanilla\rd-vanilla_x86.dir\debug\vc142.pdb
c:\users\elitk\documents\projects\code\game modifications\openjk\src\build\codemp\rd-vanilla\rd-vanilla_x86.dir\debug\q_math.obj
c:\users\elitk\documents\projects\code\game modifications\openjk\src\build\codemp\rd-vanilla\rd-vanilla_x86.dir\debug\q_color.obj
c:\users\elitk\documents\projects\code\game modifications\openjk\src\build\codemp\rd-vanilla\rd-vanilla_x86.dir\debug\q_string.obj
c:\users\elitk\documents\projects\code\game modifications\openjk\src\build\debug\rd-vanilla_x86.ilk
c:\users\elitk\documents\projects\code\game modifications\openjk\src\build\debug\rd-vanilla_x86.dll
c:\users\elitk\documents\projects\code\game modifications\openjk\src\build\debug\rd-vanilla_x86.pdb
c:\users\elitk\documents\projects\code\game modifications\openjk\src\build\codemp\rd-vanilla\debug\rd-vanilla_x86.lib
c:\users\elitk\documents\projects\code\game modifications\openjk\src\build\codemp\rd-vanilla\debug\rd-vanilla_x86.exp
c:\users\elitk\documents\projects\code\game modifications\openjk\src\build\codemp\rd-vanilla\rd-vanilla_x86.dir\debug\vcpkg.applocal.log
c:\users\elitk\documents\projects\code\game modifications\openjk\src\build\codemp\rd-vanilla\rd-vanilla_x86.dir\debug\mp vanil.013bc2ff.tlog\cl.17996.write.1.tlog
c:\users\elitk\documents\projects\code\game modifications\openjk\src\build\codemp\rd-vanilla\rd-vanilla_x86.dir\debug\mp vanil.013bc2ff.tlog\cl.command.1.tlog
c:\users\elitk\documents\projects\code\game modifications\openjk\src\build\codemp\rd-vanilla\rd-vanilla_x86.dir\debug\mp vanil.013bc2ff.tlog\cl.read.1.tlog
c:\users\elitk\documents\projects\code\game modifications\openjk\src\build\codemp\rd-vanilla\rd-vanilla_x86.dir\debug\mp vanil.013bc2ff.tlog\link.command.1.tlog
c:\users\elitk\documents\projects\code\game modifications\openjk\src\build\codemp\rd-vanilla\rd-vanilla_x86.dir\debug\mp vanil.013bc2ff.tlog\link.read.1.tlog
c:\users\elitk\documents\projects\code\game modifications\openjk\src\build\codemp\rd-vanilla\rd-vanilla_x86.dir\debug\mp vanil.013bc2ff.tlog\link.write.1.tlog
c:\users\elitk\documents\projects\code\game modifications\openjk\src\build\codemp\rd-vanilla\rd-vanilla_x86.dir\debug\mp vanil.013bc2ff.tlog\mp vanilla renderer.write.1u.tlog
