  G2_API.cpp
  G2_bolts.cpp
  G2_bones.cpp
  G2_misc.cpp
  G2_surfaces.cpp
  tr_arb.cpp
  tr_backend.cpp
  tr_bsp.cpp
  tr_cmds.cpp
  tr_curve.cpp
  tr_decals.cpp
  tr_ghoul2.cpp
  tr_image.cpp
  tr_init.cpp
  tr_light.cpp
  tr_main.cpp
  tr_marks.cpp
  tr_mesh.cpp
  tr_model.cpp
  tr_quicksprite.cpp
  tr_scene.cpp
  tr_shade.cpp
  tr_shade_calc.cpp
  tr_shader.cpp
  tr_shadows.cpp
  tr_skin.cpp
  tr_sky.cpp
  tr_subs.cpp
  tr_surface.cpp
  tr_surfacesprites.cpp
  tr_world.cpp
  tr_WorldEffects.cpp
  G2_gore.cpp
  tr_font.cpp
  tr_image_load.cpp
  tr_image_jpg.cpp
  tr_image_tga.cpp
  tr_image_png.cpp
  tr_noise.cpp
  matcomp.cpp
  q_shared.cpp
  string.cpp
  q_color.c
  q_math.c
  q_string.c
     Creating library C:/Users/elitk/Documents/Projects/Code/Game Modifications/OpenJK/src/build/codemp/rd-vanilla/Debug/rd-vanilla_x86.lib and object C:/Users/elitk/Documents/Projects/Code/Game Modifications/OpenJK/src/build/codemp/rd-vanilla/Debug/rd-vanilla_x86.exp
  rd-vanilla_x86.vcxproj -> C:\Users\elitk\Documents\Projects\Code\Game Modifications\OpenJK\src\build\Debug\rd-vanilla_x86.dll
