c:\users\elitk\documents\projects\code\game modifications\openjk\src\build\codemp\ui\uix86.dir\debug\vc142.pdb
c:\users\elitk\documents\projects\code\game modifications\openjk\src\build\codemp\ui\uix86.dir\debug\string.obj
c:\users\elitk\documents\projects\code\game modifications\openjk\src\build\codemp\ui\uix86.dir\debug\q_color.obj
c:\users\elitk\documents\projects\code\game modifications\openjk\src\build\codemp\ui\uix86.dir\debug\ui_saber.obj
c:\users\elitk\documents\projects\code\game modifications\openjk\src\build\codemp\ui\uix86.dir\debug\ui_cvar.obj
c:\users\elitk\documents\projects\code\game modifications\openjk\src\build\codemp\ui\uix86.dir\debug\ui_atoms.obj
c:\users\elitk\documents\projects\code\game modifications\openjk\src\build\codemp\ui\uix86.dir\debug\ui_main.obj
c:\users\elitk\documents\projects\code\game modifications\openjk\src\build\codemp\ui\uix86.dir\debug\q_math.obj
c:\users\elitk\documents\projects\code\game modifications\openjk\src\build\codemp\ui\uix86.dir\debug\q_shared.obj
c:\users\elitk\documents\projects\code\game modifications\openjk\src\build\codemp\ui\uix86.dir\debug\bg_saga.obj
c:\users\elitk\documents\projects\code\game modifications\openjk\src\build\codemp\ui\uix86.dir\debug\q_string.obj
c:\users\elitk\documents\projects\code\game modifications\openjk\src\build\codemp\ui\uix86.dir\debug\ui_shared.obj
c:\users\elitk\documents\projects\code\game modifications\openjk\src\build\codemp\ui\uix86.dir\debug\ui_force.obj
c:\users\elitk\documents\projects\code\game modifications\openjk\src\build\codemp\ui\uix86.dir\debug\bg_misc.obj
c:\users\elitk\documents\projects\code\game modifications\openjk\src\build\codemp\ui\uix86.dir\debug\bg_weapons.obj
c:\users\elitk\documents\projects\code\game modifications\openjk\src\build\codemp\ui\uix86.dir\debug\ui_syscalls.obj
c:\users\elitk\documents\projects\code\game modifications\openjk\src\build\codemp\ui\uix86.dir\debug\bg_vehicleload.obj
c:\users\elitk\documents\projects\code\game modifications\openjk\src\build\codemp\ui\uix86.dir\debug\bg_saberload.obj
c:\users\elitk\documents\projects\code\game modifications\openjk\src\build\codemp\ui\uix86.dir\debug\ui_gameinfo.obj
c:\users\elitk\documents\projects\code\game modifications\openjk\src\build\debug\uix86.ilk
c:\users\elitk\documents\projects\code\game modifications\openjk\src\build\debug\uix86.dll
c:\users\elitk\documents\projects\code\game modifications\openjk\src\build\debug\uix86.pdb
c:\users\elitk\documents\projects\code\game modifications\openjk\src\build\codemp\ui\debug\uix86.lib
c:\users\elitk\documents\projects\code\game modifications\openjk\src\build\codemp\ui\debug\uix86.exp
c:\users\elitk\documents\projects\code\game modifications\openjk\src\build\codemp\ui\uix86.dir\debug\vcpkg.applocal.log
c:\users\elitk\documents\projects\code\game modifications\openjk\src\build\codemp\ui\uix86.dir\debug\mp ui library.tlog\cl.command.1.tlog
c:\users\elitk\documents\projects\code\game modifications\openjk\src\build\codemp\ui\uix86.dir\debug\mp ui library.tlog\cl.read.1.tlog
c:\users\elitk\documents\projects\code\game modifications\openjk\src\build\codemp\ui\uix86.dir\debug\mp ui library.tlog\cl.write.1.tlog
c:\users\elitk\documents\projects\code\game modifications\openjk\src\build\codemp\ui\uix86.dir\debug\mp ui library.tlog\link.command.1.tlog
c:\users\elitk\documents\projects\code\game modifications\openjk\src\build\codemp\ui\uix86.dir\debug\mp ui library.tlog\link.read.1.tlog
c:\users\elitk\documents\projects\code\game modifications\openjk\src\build\codemp\ui\uix86.dir\debug\mp ui library.tlog\link.write.1.tlog
c:\users\elitk\documents\projects\code\game modifications\openjk\src\build\codemp\ui\uix86.dir\debug\mp ui library.tlog\mp ui library.write.1u.tlog
