c:\users\elitk\documents\projects\code\game modifications\openjk\src\build\lib\zlib\bundled_zlib.dir\debug\vcpkg.applocal.log
c:\users\elitk\documents\projects\code\game modifications\openjk\src\build\lib\zlib\bundled_zlib.dir\debug\gzclose.obj
c:\users\elitk\documents\projects\code\game modifications\openjk\src\build\lib\zlib\bundled_zlib.dir\debug\inffast.obj
c:\users\elitk\documents\projects\code\game modifications\openjk\src\build\lib\zlib\bundled_zlib.dir\debug\inflate.obj
c:\users\elitk\documents\projects\code\game modifications\openjk\src\build\lib\zlib\bundled_zlib.dir\debug\crc32.obj
c:\users\elitk\documents\projects\code\game modifications\openjk\src\build\lib\zlib\bundled_zlib.dir\debug\uncompr.obj
c:\users\elitk\documents\projects\code\game modifications\openjk\src\build\lib\zlib\bundled_zlib.dir\debug\gzlib.obj
c:\users\elitk\documents\projects\code\game modifications\openjk\src\build\lib\zlib\bundled_zlib.dir\debug\compress.obj
c:\users\elitk\documents\projects\code\game modifications\openjk\src\build\lib\zlib\bundled_zlib.dir\debug\zutil.obj
c:\users\elitk\documents\projects\code\game modifications\openjk\src\build\lib\zlib\bundled_zlib.dir\debug\deflate.obj
c:\users\elitk\documents\projects\code\game modifications\openjk\src\build\lib\zlib\bundled_zlib.dir\debug\gzread.obj
c:\users\elitk\documents\projects\code\game modifications\openjk\src\build\lib\zlib\bundled_zlib.dir\debug\infback.obj
c:\users\elitk\documents\projects\code\game modifications\openjk\src\build\lib\zlib\bundled_zlib.dir\debug\adler32.obj
c:\users\elitk\documents\projects\code\game modifications\openjk\src\build\lib\zlib\bundled_zlib.dir\debug\trees.obj
c:\users\elitk\documents\projects\code\game modifications\openjk\src\build\lib\zlib\bundled_zlib.dir\debug\inftrees.obj
c:\users\elitk\documents\projects\code\game modifications\openjk\src\build\lib\zlib\bundled_zlib.dir\debug\gzwrite.obj
c:\users\elitk\documents\projects\code\game modifications\openjk\src\build\lib\zlib\bundled_zlib.dir\debug\bundled_zlib.pdb
c:\users\elitk\documents\projects\code\game modifications\openjk\src\build\lib\zlib\debug\bundled_zlib.lib
c:\users\elitk\documents\projects\code\game modifications\openjk\src\build\lib\zlib\bundled_zlib.dir\debug\bundled_zlib.tlog\bundled_zlib.write.1u.tlog
c:\users\elitk\documents\projects\code\game modifications\openjk\src\build\lib\zlib\bundled_zlib.dir\debug\bundled_zlib.tlog\cl.13080.write.1.tlog
c:\users\elitk\documents\projects\code\game modifications\openjk\src\build\lib\zlib\bundled_zlib.dir\debug\bundled_zlib.tlog\cl.command.1.tlog
c:\users\elitk\documents\projects\code\game modifications\openjk\src\build\lib\zlib\bundled_zlib.dir\debug\bundled_zlib.tlog\cl.read.1.tlog
c:\users\elitk\documents\projects\code\game modifications\openjk\src\build\lib\zlib\bundled_zlib.dir\debug\bundled_zlib.tlog\lib-link.read.1.tlog
c:\users\elitk\documents\projects\code\game modifications\openjk\src\build\lib\zlib\bundled_zlib.dir\debug\bundled_zlib.tlog\lib-link.write.1.tlog
c:\users\elitk\documents\projects\code\game modifications\openjk\src\build\lib\zlib\bundled_zlib.dir\debug\bundled_zlib.tlog\lib.command.1.tlog
