c:\users\elitk\documents\projects\code\game modifications\openjk\src\build\lib\jpeg-9a\bundled_libjpeg.dir\debug\vcpkg.applocal.log
c:\users\elitk\documents\projects\code\game modifications\openjk\src\build\lib\jpeg-9a\bundled_libjpeg.dir\debug\jcarith.obj
c:\users\elitk\documents\projects\code\game modifications\openjk\src\build\lib\jpeg-9a\bundled_libjpeg.dir\debug\jdatadst.obj
c:\users\elitk\documents\projects\code\game modifications\openjk\src\build\lib\jpeg-9a\bundled_libjpeg.dir\debug\jfdctflt.obj
c:\users\elitk\documents\projects\code\game modifications\openjk\src\build\lib\jpeg-9a\bundled_libjpeg.dir\debug\rdcolmap.obj
c:\users\elitk\documents\projects\code\game modifications\openjk\src\build\lib\jpeg-9a\bundled_libjpeg.dir\debug\jcapimin.obj
c:\users\elitk\documents\projects\code\game modifications\openjk\src\build\lib\jpeg-9a\bundled_libjpeg.dir\debug\jdatasrc.obj
c:\users\elitk\documents\projects\code\game modifications\openjk\src\build\lib\jpeg-9a\bundled_libjpeg.dir\debug\jdmaster.obj
c:\users\elitk\documents\projects\code\game modifications\openjk\src\build\lib\jpeg-9a\bundled_libjpeg.dir\debug\jidctint.obj
c:\users\elitk\documents\projects\code\game modifications\openjk\src\build\lib\jpeg-9a\bundled_libjpeg.dir\debug\wrgif.obj
c:\users\elitk\documents\projects\code\game modifications\openjk\src\build\lib\jpeg-9a\bundled_libjpeg.dir\debug\jcmainct.obj
c:\users\elitk\documents\projects\code\game modifications\openjk\src\build\lib\jpeg-9a\bundled_libjpeg.dir\debug\jcsample.obj
c:\users\elitk\documents\projects\code\game modifications\openjk\src\build\lib\jpeg-9a\bundled_libjpeg.dir\debug\jdinput.obj
c:\users\elitk\documents\projects\code\game modifications\openjk\src\build\lib\jpeg-9a\bundled_libjpeg.dir\debug\jidctfst.obj
c:\users\elitk\documents\projects\code\game modifications\openjk\src\build\lib\jpeg-9a\bundled_libjpeg.dir\debug\jutils.obj
c:\users\elitk\documents\projects\code\game modifications\openjk\src\build\lib\jpeg-9a\bundled_libjpeg.dir\debug\wrrle.obj
c:\users\elitk\documents\projects\code\game modifications\openjk\src\build\lib\jpeg-9a\bundled_libjpeg.dir\debug\jcmaster.obj
c:\users\elitk\documents\projects\code\game modifications\openjk\src\build\lib\jpeg-9a\bundled_libjpeg.dir\debug\jdcolor.obj
c:\users\elitk\documents\projects\code\game modifications\openjk\src\build\lib\jpeg-9a\bundled_libjpeg.dir\debug\jerror.obj
c:\users\elitk\documents\projects\code\game modifications\openjk\src\build\lib\jpeg-9a\bundled_libjpeg.dir\debug\jquant1.obj
c:\users\elitk\documents\projects\code\game modifications\openjk\src\build\lib\jpeg-9a\bundled_libjpeg.dir\debug\jcapistd.obj
c:\users\elitk\documents\projects\code\game modifications\openjk\src\build\lib\jpeg-9a\bundled_libjpeg.dir\debug\jdapistd.obj
c:\users\elitk\documents\projects\code\game modifications\openjk\src\build\lib\jpeg-9a\bundled_libjpeg.dir\debug\jdmarker.obj
c:\users\elitk\documents\projects\code\game modifications\openjk\src\build\lib\jpeg-9a\bundled_libjpeg.dir\debug\jmemmgr.obj
c:\users\elitk\documents\projects\code\game modifications\openjk\src\build\lib\jpeg-9a\bundled_libjpeg.dir\debug\rdrle.obj
c:\users\elitk\documents\projects\code\game modifications\openjk\src\build\lib\jpeg-9a\bundled_libjpeg.dir\debug\jaricom.obj
c:\users\elitk\documents\projects\code\game modifications\openjk\src\build\lib\jpeg-9a\bundled_libjpeg.dir\debug\jcomapi.obj
c:\users\elitk\documents\projects\code\game modifications\openjk\src\build\lib\jpeg-9a\bundled_libjpeg.dir\debug\jdmainct.obj
c:\users\elitk\documents\projects\code\game modifications\openjk\src\build\lib\jpeg-9a\bundled_libjpeg.dir\debug\rdswitch.obj
c:\users\elitk\documents\projects\code\game modifications\openjk\src\build\lib\jpeg-9a\bundled_libjpeg.dir\debug\jcinit.obj
c:\users\elitk\documents\projects\code\game modifications\openjk\src\build\lib\jpeg-9a\bundled_libjpeg.dir\debug\jcprepct.obj
c:\users\elitk\documents\projects\code\game modifications\openjk\src\build\lib\jpeg-9a\bundled_libjpeg.dir\debug\jdhuff.obj
c:\users\elitk\documents\projects\code\game modifications\openjk\src\build\lib\jpeg-9a\bundled_libjpeg.dir\debug\jfdctint.obj
c:\users\elitk\documents\projects\code\game modifications\openjk\src\build\lib\jpeg-9a\bundled_libjpeg.dir\debug\rdtarga.obj
c:\users\elitk\documents\projects\code\game modifications\openjk\src\build\lib\jpeg-9a\bundled_libjpeg.dir\debug\jccolor.obj
c:\users\elitk\documents\projects\code\game modifications\openjk\src\build\lib\jpeg-9a\bundled_libjpeg.dir\debug\jdcoefct.obj
c:\users\elitk\documents\projects\code\game modifications\openjk\src\build\lib\jpeg-9a\bundled_libjpeg.dir\debug\jdmerge.obj
c:\users\elitk\documents\projects\code\game modifications\openjk\src\build\lib\jpeg-9a\bundled_libjpeg.dir\debug\jidctflt.obj
c:\users\elitk\documents\projects\code\game modifications\openjk\src\build\lib\jpeg-9a\bundled_libjpeg.dir\debug\rdppm.obj
c:\users\elitk\documents\projects\code\game modifications\openjk\src\build\lib\jpeg-9a\bundled_libjpeg.dir\debug\jchuff.obj
c:\users\elitk\documents\projects\code\game modifications\openjk\src\build\lib\jpeg-9a\bundled_libjpeg.dir\debug\jdapimin.obj
c:\users\elitk\documents\projects\code\game modifications\openjk\src\build\lib\jpeg-9a\bundled_libjpeg.dir\debug\jdpostct.obj
c:\users\elitk\documents\projects\code\game modifications\openjk\src\build\lib\jpeg-9a\bundled_libjpeg.dir\debug\jmemnobs.obj
c:\users\elitk\documents\projects\code\game modifications\openjk\src\build\lib\jpeg-9a\bundled_libjpeg.dir\debug\rdgif.obj
c:\users\elitk\documents\projects\code\game modifications\openjk\src\build\lib\jpeg-9a\bundled_libjpeg.dir\debug\jcmarker.obj
c:\users\elitk\documents\projects\code\game modifications\openjk\src\build\lib\jpeg-9a\bundled_libjpeg.dir\debug\jcparam.obj
c:\users\elitk\documents\projects\code\game modifications\openjk\src\build\lib\jpeg-9a\bundled_libjpeg.dir\debug\jddctmgr.obj
c:\users\elitk\documents\projects\code\game modifications\openjk\src\build\lib\jpeg-9a\bundled_libjpeg.dir\debug\jfdctfst.obj
c:\users\elitk\documents\projects\code\game modifications\openjk\src\build\lib\jpeg-9a\bundled_libjpeg.dir\debug\rdbmp.obj
c:\users\elitk\documents\projects\code\game modifications\openjk\src\build\lib\jpeg-9a\bundled_libjpeg.dir\debug\wrtarga.obj
c:\users\elitk\documents\projects\code\game modifications\openjk\src\build\lib\jpeg-9a\bundled_libjpeg.dir\debug\jcdctmgr.obj
c:\users\elitk\documents\projects\code\game modifications\openjk\src\build\lib\jpeg-9a\bundled_libjpeg.dir\debug\jctrans.obj
c:\users\elitk\documents\projects\code\game modifications\openjk\src\build\lib\jpeg-9a\bundled_libjpeg.dir\debug\jdsample.obj
c:\users\elitk\documents\projects\code\game modifications\openjk\src\build\lib\jpeg-9a\bundled_libjpeg.dir\debug\jquant2.obj
c:\users\elitk\documents\projects\code\game modifications\openjk\src\build\lib\jpeg-9a\bundled_libjpeg.dir\debug\wrppm.obj
c:\users\elitk\documents\projects\code\game modifications\openjk\src\build\lib\jpeg-9a\bundled_libjpeg.dir\debug\jccoefct.obj
c:\users\elitk\documents\projects\code\game modifications\openjk\src\build\lib\jpeg-9a\bundled_libjpeg.dir\debug\jdarith.obj
c:\users\elitk\documents\projects\code\game modifications\openjk\src\build\lib\jpeg-9a\bundled_libjpeg.dir\debug\jdtrans.obj
c:\users\elitk\documents\projects\code\game modifications\openjk\src\build\lib\jpeg-9a\bundled_libjpeg.dir\debug\wrbmp.obj
c:\users\elitk\documents\projects\code\game modifications\openjk\src\build\lib\jpeg-9a\bundled_libjpeg.dir\debug\bundled_libjpeg.pdb
c:\users\elitk\documents\projects\code\game modifications\openjk\src\build\lib\jpeg-9a\debug\bundled_libjpeg.lib
c:\users\elitk\documents\projects\code\game modifications\openjk\src\build\lib\jpeg-9a\bundled_libjpeg.dir\debug\bundled_libjpeg.tlog\bundled_libjpeg.write.1u.tlog
c:\users\elitk\documents\projects\code\game modifications\openjk\src\build\lib\jpeg-9a\bundled_libjpeg.dir\debug\bundled_libjpeg.tlog\cl.23060.write.1.tlog
c:\users\elitk\documents\projects\code\game modifications\openjk\src\build\lib\jpeg-9a\bundled_libjpeg.dir\debug\bundled_libjpeg.tlog\cl.command.1.tlog
c:\users\elitk\documents\projects\code\game modifications\openjk\src\build\lib\jpeg-9a\bundled_libjpeg.dir\debug\bundled_libjpeg.tlog\cl.read.1.tlog
c:\users\elitk\documents\projects\code\game modifications\openjk\src\build\lib\jpeg-9a\bundled_libjpeg.dir\debug\bundled_libjpeg.tlog\lib-link.read.1.tlog
c:\users\elitk\documents\projects\code\game modifications\openjk\src\build\lib\jpeg-9a\bundled_libjpeg.dir\debug\bundled_libjpeg.tlog\lib-link.write.1.tlog
c:\users\elitk\documents\projects\code\game modifications\openjk\src\build\lib\jpeg-9a\bundled_libjpeg.dir\debug\bundled_libjpeg.tlog\lib.command.1.tlog
