C:\Program Files (x86)\Microsoft Visual Studio\2019\Community\MSBuild\Microsoft\VC\v160\Microsoft.CppBuild.targets(476,5): warning MSB8004: Intermediate Directory does not end with a trailing slash.  This build instance will add the slash as it is required to allow proper evaluation of the Intermediate Directory.
C:\Program Files (x86)\Microsoft Visual Studio\2019\Community\MSBuild\Microsoft\VC\v160\Microsoft.CppBuild.targets(477,5): warning MSB8004: Output Directory does not end with a trailing slash.  This build instance will add the slash as it is required to allow proper evaluation of the Output Directory.
  bg_misc.c
  bg_saberLoad.c
  bg_saga.c
  bg_vehicleLoad.c
  bg_weapons.c
  q_shared.c
  q_color.c
  q_math.c
  q_string.c
  ui_atoms.c
  ui_cvar.c
  ui_force.c
  ui_gameinfo.c
  ui_main.c
  ui_saber.c
  ui_shared.c
  ui_syscalls.c
  string.cpp
     Creating library C:/Users/elitk/Documents/Projects/Code/Game Modifications/OpenJK/src/build/codemp/ui/Release/uix86.lib and object C:/Users/elitk/Documents/Projects/Code/Game Modifications/OpenJK/src/build/codemp/ui/Release/uix86.exp
  uix86.vcxproj -> C:\Users\elitk\Documents\Projects\Code\Game Modifications\OpenJK\game\GameData\base\ui.dll
