C:\Program Files (x86)\Microsoft Visual Studio\2019\Community\MSBuild\Microsoft\VC\v160\Microsoft.CppBuild.targets(476,5): warning MSB8004: Intermediate Directory does not end with a trailing slash.  This build instance will add the slash as it is required to allow proper evaluation of the Intermediate Directory.
C:\Program Files (x86)\Microsoft Visual Studio\2019\Community\MSBuild\Microsoft\VC\v160\Microsoft.CppBuild.targets(477,5): warning MSB8004: Output Directory does not end with a trailing slash.  This build instance will add the slash as it is required to allow proper evaluation of the Output Directory.
  AnimalNPC.c
  bg_g2_utils.c
  bg_misc.c
  bg_panimate.c
  bg_pmove.c
  bg_saber.c
  bg_saberLoad.c
  bg_saga.c
  bg_slidemove.c
  bg_vehicleLoad.c
  bg_weapons.c
  FighterNPC.c
  SpeederNPC.c
  WalkerNPC.c
  cg_consolecmds.c
  cg_cvar.c
  cg_draw.c
  cg_drawtools.c
  cg_effects.c
  cg_ents.c
  cg_event.c
  cg_info.c
  cg_light.c
  cg_localents.c
  cg_main.c
  cg_marks.c
  cg_newDraw.c
  cg_players.c
  cg_playerstate.c
  cg_predict.c
  cg_saga.c
  cg_scoreboard.c
  cg_servercmds.c
  cg_snapshot.c
  cg_spawn.c
  cg_syscalls.c
  cg_turret.c
  cg_view.c
  cg_weaponinit.c
  cg_weapons.c
  fx_blaster.c
  fx_bowcaster.c
  fx_bryarpistol.c
  fx_demp2.c
  fx_disruptor.c
  fx_flechette.c
  fx_force.c
  fx_heavyrepeater.c
  fx_rocketlauncher.c
  q_shared.c
  q_color.c
  q_math.c
  q_string.c
  ui_shared.c
  string.cpp
     Creating library C:/Users/elitk/Documents/Projects/Code/Game Modifications/OpenJK/src/build/codemp/cgame/Release/cgamex86.lib and object C:/Users/elitk/Documents/Projects/Code/Game Modifications/OpenJK/src/build/codemp/cgame/Release/cgamex86.exp
  cgamex86.vcxproj -> C:\Users\elitk\Documents\Projects\Code\Game Modifications\OpenJK\game\GameData\base\cgame.dll
