c:\users\elitk\documents\projects\code\game modifications\openjk\src\build\codemp\botlib.dir\debug\vcpkg.applocal.log
c:\users\elitk\documents\projects\code\game modifications\openjk\src\build\codemp\botlib.dir\debug\be_aas_optimize.obj
c:\users\elitk\documents\projects\code\game modifications\openjk\src\build\codemp\botlib.dir\debug\l_libvar.obj
c:\users\elitk\documents\projects\code\game modifications\openjk\src\build\codemp\botlib.dir\debug\l_script.obj
c:\users\elitk\documents\projects\code\game modifications\openjk\src\build\codemp\botlib.dir\debug\be_aas_cluster.obj
c:\users\elitk\documents\projects\code\game modifications\openjk\src\build\codemp\botlib.dir\debug\be_ai_weight.obj
c:\users\elitk\documents\projects\code\game modifications\openjk\src\build\codemp\botlib.dir\debug\be_aas_route.obj
c:\users\elitk\documents\projects\code\game modifications\openjk\src\build\codemp\botlib.dir\debug\be_interface.obj
c:\users\elitk\documents\projects\code\game modifications\openjk\src\build\codemp\botlib.dir\debug\be_aas_routealt.obj
c:\users\elitk\documents\projects\code\game modifications\openjk\src\build\codemp\botlib.dir\debug\be_ai_char.obj
c:\users\elitk\documents\projects\code\game modifications\openjk\src\build\codemp\botlib.dir\debug\l_memory.obj
c:\users\elitk\documents\projects\code\game modifications\openjk\src\build\codemp\botlib.dir\debug\be_aas_main.obj
c:\users\elitk\documents\projects\code\game modifications\openjk\src\build\codemp\botlib.dir\debug\be_ai_weap.obj
c:\users\elitk\documents\projects\code\game modifications\openjk\src\build\codemp\botlib.dir\debug\l_precomp.obj
c:\users\elitk\documents\projects\code\game modifications\openjk\src\build\codemp\botlib.dir\debug\be_aas_debug.obj
c:\users\elitk\documents\projects\code\game modifications\openjk\src\build\codemp\botlib.dir\debug\l_log.obj
c:\users\elitk\documents\projects\code\game modifications\openjk\src\build\codemp\botlib.dir\debug\be_aas_entity.obj
c:\users\elitk\documents\projects\code\game modifications\openjk\src\build\codemp\botlib.dir\debug\l_crc.obj
c:\users\elitk\documents\projects\code\game modifications\openjk\src\build\codemp\botlib.dir\debug\l_struct.obj
c:\users\elitk\documents\projects\code\game modifications\openjk\src\build\codemp\botlib.dir\debug\be_aas_sample.obj
c:\users\elitk\documents\projects\code\game modifications\openjk\src\build\codemp\botlib.dir\debug\be_ai_move.obj
c:\users\elitk\documents\projects\code\game modifications\openjk\src\build\codemp\botlib.dir\debug\string.obj
c:\users\elitk\documents\projects\code\game modifications\openjk\src\build\codemp\botlib.dir\debug\be_aas_file.obj
c:\users\elitk\documents\projects\code\game modifications\openjk\src\build\codemp\botlib.dir\debug\be_ea.obj
c:\users\elitk\documents\projects\code\game modifications\openjk\src\build\codemp\botlib.dir\debug\be_aas_move.obj
c:\users\elitk\documents\projects\code\game modifications\openjk\src\build\codemp\botlib.dir\debug\be_ai_gen.obj
c:\users\elitk\documents\projects\code\game modifications\openjk\src\build\codemp\botlib.dir\debug\be_aas_reach.obj
c:\users\elitk\documents\projects\code\game modifications\openjk\src\build\codemp\botlib.dir\debug\be_ai_chat.obj
c:\users\elitk\documents\projects\code\game modifications\openjk\src\build\codemp\botlib.dir\debug\be_aas_bspq3.obj
c:\users\elitk\documents\projects\code\game modifications\openjk\src\build\codemp\botlib.dir\debug\be_ai_goal.obj
c:\users\elitk\documents\projects\code\game modifications\openjk\src\build\codemp\botlib.dir\debug\bot library.pdb
c:\users\elitk\documents\projects\code\game modifications\openjk\src\build\codemp\botlib.dir\debug\q_math.obj
c:\users\elitk\documents\projects\code\game modifications\openjk\src\build\codemp\botlib.dir\debug\q_string.obj
c:\users\elitk\documents\projects\code\game modifications\openjk\src\build\codemp\botlib.dir\debug\q_color.obj
c:\users\elitk\documents\projects\code\game modifications\openjk\src\build\codemp\debug\botlib.lib
c:\users\elitk\documents\projects\code\game modifications\openjk\src\build\codemp\botlib.dir\debug\bot library.tlog\bot library.write.1u.tlog
c:\users\elitk\documents\projects\code\game modifications\openjk\src\build\codemp\botlib.dir\debug\bot library.tlog\cl.19544.write.1.tlog
c:\users\elitk\documents\projects\code\game modifications\openjk\src\build\codemp\botlib.dir\debug\bot library.tlog\cl.command.1.tlog
c:\users\elitk\documents\projects\code\game modifications\openjk\src\build\codemp\botlib.dir\debug\bot library.tlog\cl.read.1.tlog
c:\users\elitk\documents\projects\code\game modifications\openjk\src\build\codemp\botlib.dir\debug\bot library.tlog\lib-link.read.1.tlog
c:\users\elitk\documents\projects\code\game modifications\openjk\src\build\codemp\botlib.dir\debug\bot library.tlog\lib-link.write.1.tlog
c:\users\elitk\documents\projects\code\game modifications\openjk\src\build\codemp\botlib.dir\debug\bot library.tlog\lib.command.1.tlog
