c:\users\elitk\documents\projects\code\game modifications\openjk\src\build\lib\libpng\bundled_libpng.dir\debug\vcpkg.applocal.log
c:\users\elitk\documents\projects\code\game modifications\openjk\src\build\lib\libpng\bundled_libpng.dir\debug\pngrtran.obj
c:\users\elitk\documents\projects\code\game modifications\openjk\src\build\lib\libpng\bundled_libpng.dir\debug\pngpread.obj
c:\users\elitk\documents\projects\code\game modifications\openjk\src\build\lib\libpng\bundled_libpng.dir\debug\pngwrite.obj
c:\users\elitk\documents\projects\code\game modifications\openjk\src\build\lib\libpng\bundled_libpng.dir\debug\pngerror.obj
c:\users\elitk\documents\projects\code\game modifications\openjk\src\build\lib\libpng\bundled_libpng.dir\debug\pngget.obj
c:\users\elitk\documents\projects\code\game modifications\openjk\src\build\lib\libpng\bundled_libpng.dir\debug\pngwutil.obj
c:\users\elitk\documents\projects\code\game modifications\openjk\src\build\lib\libpng\bundled_libpng.dir\debug\pngrio.obj
c:\users\elitk\documents\projects\code\game modifications\openjk\src\build\lib\libpng\bundled_libpng.dir\debug\pngrutil.obj
c:\users\elitk\documents\projects\code\game modifications\openjk\src\build\lib\libpng\bundled_libpng.dir\debug\pngwio.obj
c:\users\elitk\documents\projects\code\game modifications\openjk\src\build\lib\libpng\bundled_libpng.dir\debug\pngset.obj
c:\users\elitk\documents\projects\code\game modifications\openjk\src\build\lib\libpng\bundled_libpng.dir\debug\pngread.obj
c:\users\elitk\documents\projects\code\game modifications\openjk\src\build\lib\libpng\bundled_libpng.dir\debug\pngmem.obj
c:\users\elitk\documents\projects\code\game modifications\openjk\src\build\lib\libpng\bundled_libpng.dir\debug\pngwtran.obj
c:\users\elitk\documents\projects\code\game modifications\openjk\src\build\lib\libpng\bundled_libpng.dir\debug\pngtrans.obj
c:\users\elitk\documents\projects\code\game modifications\openjk\src\build\lib\libpng\bundled_libpng.dir\debug\png.obj
c:\users\elitk\documents\projects\code\game modifications\openjk\src\build\lib\libpng\bundled_libpng.dir\debug\bundled_libpng.pdb
c:\users\elitk\documents\projects\code\game modifications\openjk\src\build\lib\libpng\debug\bundled_libpng.lib
c:\users\elitk\documents\projects\code\game modifications\openjk\src\build\lib\libpng\bundled_libpng.dir\debug\bundled_libpng.tlog\bundled_libpng.write.1u.tlog
c:\users\elitk\documents\projects\code\game modifications\openjk\src\build\lib\libpng\bundled_libpng.dir\debug\bundled_libpng.tlog\cl.11148.write.1.tlog
c:\users\elitk\documents\projects\code\game modifications\openjk\src\build\lib\libpng\bundled_libpng.dir\debug\bundled_libpng.tlog\cl.command.1.tlog
c:\users\elitk\documents\projects\code\game modifications\openjk\src\build\lib\libpng\bundled_libpng.dir\debug\bundled_libpng.tlog\cl.read.1.tlog
c:\users\elitk\documents\projects\code\game modifications\openjk\src\build\lib\libpng\bundled_libpng.dir\debug\bundled_libpng.tlog\lib-link.read.1.tlog
c:\users\elitk\documents\projects\code\game modifications\openjk\src\build\lib\libpng\bundled_libpng.dir\debug\bundled_libpng.tlog\lib-link.write.1.tlog
c:\users\elitk\documents\projects\code\game modifications\openjk\src\build\lib\libpng\bundled_libpng.dir\debug\bundled_libpng.tlog\lib.command.1.tlog
