c:\users\elitk\documents\projects\code\game modifications\openjk\src\build\codemp\cgame\cgamex86.dir\debug\vc142.pdb
c:\users\elitk\documents\projects\code\game modifications\openjk\src\build\codemp\cgame\cgamex86.dir\debug\string.obj
c:\users\elitk\documents\projects\code\game modifications\openjk\src\build\codemp\cgame\cgamex86.dir\debug\bg_misc.obj
c:\users\elitk\documents\projects\code\game modifications\openjk\src\build\codemp\cgame\cgamex86.dir\debug\speedernpc.obj
c:\users\elitk\documents\projects\code\game modifications\openjk\src\build\codemp\cgame\cgamex86.dir\debug\cg_marks.obj
c:\users\elitk\documents\projects\code\game modifications\openjk\src\build\codemp\cgame\cgamex86.dir\debug\cg_syscalls.obj
c:\users\elitk\documents\projects\code\game modifications\openjk\src\build\codemp\cgame\cgamex86.dir\debug\bg_saga.obj
c:\users\elitk\documents\projects\code\game modifications\openjk\src\build\codemp\cgame\cgamex86.dir\debug\cg_localents.obj
c:\users\elitk\documents\projects\code\game modifications\openjk\src\build\codemp\cgame\cgamex86.dir\debug\fx_force.obj
c:\users\elitk\documents\projects\code\game modifications\openjk\src\build\codemp\cgame\cgamex86.dir\debug\bg_vehicleload.obj
c:\users\elitk\documents\projects\code\game modifications\openjk\src\build\codemp\cgame\cgamex86.dir\debug\cg_info.obj
c:\users\elitk\documents\projects\code\game modifications\openjk\src\build\codemp\cgame\cgamex86.dir\debug\cg_servercmds.obj
c:\users\elitk\documents\projects\code\game modifications\openjk\src\build\codemp\cgame\cgamex86.dir\debug\fx_disruptor.obj
c:\users\elitk\documents\projects\code\game modifications\openjk\src\build\codemp\cgame\cgamex86.dir\debug\q_shared.obj
c:\users\elitk\documents\projects\code\game modifications\openjk\src\build\codemp\cgame\cgamex86.dir\debug\fighternpc.obj
c:\users\elitk\documents\projects\code\game modifications\openjk\src\build\codemp\cgame\cgamex86.dir\debug\cg_players.obj
c:\users\elitk\documents\projects\code\game modifications\openjk\src\build\codemp\cgame\cgamex86.dir\debug\fx_demp2.obj
c:\users\elitk\documents\projects\code\game modifications\openjk\src\build\codemp\cgame\cgamex86.dir\debug\fx_heavyrepeater.obj
c:\users\elitk\documents\projects\code\game modifications\openjk\src\build\codemp\cgame\cgamex86.dir\debug\bg_slidemove.obj
c:\users\elitk\documents\projects\code\game modifications\openjk\src\build\codemp\cgame\cgamex86.dir\debug\cg_drawtools.obj
c:\users\elitk\documents\projects\code\game modifications\openjk\src\build\codemp\cgame\cgamex86.dir\debug\cg_predict.obj
c:\users\elitk\documents\projects\code\game modifications\openjk\src\build\codemp\cgame\cgamex86.dir\debug\fx_bowcaster.obj
c:\users\elitk\documents\projects\code\game modifications\openjk\src\build\codemp\cgame\cgamex86.dir\debug\ui_shared.obj
c:\users\elitk\documents\projects\code\game modifications\openjk\src\build\codemp\cgame\cgamex86.dir\debug\bg_weapons.obj
c:\users\elitk\documents\projects\code\game modifications\openjk\src\build\codemp\cgame\cgamex86.dir\debug\cg_ents.obj
c:\users\elitk\documents\projects\code\game modifications\openjk\src\build\codemp\cgame\cgamex86.dir\debug\cg_snapshot.obj
c:\users\elitk\documents\projects\code\game modifications\openjk\src\build\codemp\cgame\cgamex86.dir\debug\fx_bryarpistol.obj
c:\users\elitk\documents\projects\code\game modifications\openjk\src\build\codemp\cgame\cgamex86.dir\debug\q_string.obj
c:\users\elitk\documents\projects\code\game modifications\openjk\src\build\codemp\cgame\cgamex86.dir\debug\bg_pmove.obj
c:\users\elitk\documents\projects\code\game modifications\openjk\src\build\codemp\cgame\cgamex86.dir\debug\cg_consolecmds.obj
c:\users\elitk\documents\projects\code\game modifications\openjk\src\build\codemp\cgame\cgamex86.dir\debug\cg_main.obj
c:\users\elitk\documents\projects\code\game modifications\openjk\src\build\codemp\cgame\cgamex86.dir\debug\cg_view.obj
c:\users\elitk\documents\projects\code\game modifications\openjk\src\build\codemp\cgame\cgamex86.dir\debug\q_color.obj
c:\users\elitk\documents\projects\code\game modifications\openjk\src\build\codemp\cgame\cgamex86.dir\debug\bg_saber.obj
c:\users\elitk\documents\projects\code\game modifications\openjk\src\build\codemp\cgame\cgamex86.dir\debug\cg_effects.obj
c:\users\elitk\documents\projects\code\game modifications\openjk\src\build\codemp\cgame\cgamex86.dir\debug\cg_playerstate.obj
c:\users\elitk\documents\projects\code\game modifications\openjk\src\build\codemp\cgame\cgamex86.dir\debug\cg_weapons.obj
c:\users\elitk\documents\projects\code\game modifications\openjk\src\build\codemp\cgame\cgamex86.dir\debug\q_math.obj
c:\users\elitk\documents\projects\code\game modifications\openjk\src\build\codemp\cgame\cgamex86.dir\debug\bg_g2_utils.obj
c:\users\elitk\documents\projects\code\game modifications\openjk\src\build\codemp\cgame\cgamex86.dir\debug\cg_cvar.obj
c:\users\elitk\documents\projects\code\game modifications\openjk\src\build\codemp\cgame\cgamex86.dir\debug\cg_newdraw.obj
c:\users\elitk\documents\projects\code\game modifications\openjk\src\build\codemp\cgame\cgamex86.dir\debug\fx_flechette.obj
c:\users\elitk\documents\projects\code\game modifications\openjk\src\build\codemp\cgame\cgamex86.dir\debug\bg_panimate.obj
c:\users\elitk\documents\projects\code\game modifications\openjk\src\build\codemp\cgame\cgamex86.dir\debug\cg_draw.obj
c:\users\elitk\documents\projects\code\game modifications\openjk\src\build\codemp\cgame\cgamex86.dir\debug\cg_scoreboard.obj
c:\users\elitk\documents\projects\code\game modifications\openjk\src\build\codemp\cgame\cgamex86.dir\debug\cg_weaponinit.obj
c:\users\elitk\documents\projects\code\game modifications\openjk\src\build\codemp\cgame\cgamex86.dir\debug\bg_saberload.obj
c:\users\elitk\documents\projects\code\game modifications\openjk\src\build\codemp\cgame\cgamex86.dir\debug\cg_event.obj
c:\users\elitk\documents\projects\code\game modifications\openjk\src\build\codemp\cgame\cgamex86.dir\debug\cg_saga.obj
c:\users\elitk\documents\projects\code\game modifications\openjk\src\build\codemp\cgame\cgamex86.dir\debug\fx_blaster.obj
c:\users\elitk\documents\projects\code\game modifications\openjk\src\build\codemp\cgame\cgamex86.dir\debug\animalnpc.obj
c:\users\elitk\documents\projects\code\game modifications\openjk\src\build\codemp\cgame\cgamex86.dir\debug\walkernpc.obj
c:\users\elitk\documents\projects\code\game modifications\openjk\src\build\codemp\cgame\cgamex86.dir\debug\cg_light.obj
c:\users\elitk\documents\projects\code\game modifications\openjk\src\build\codemp\cgame\cgamex86.dir\debug\cg_spawn.obj
c:\users\elitk\documents\projects\code\game modifications\openjk\src\build\codemp\cgame\cgamex86.dir\debug\cg_turret.obj
c:\users\elitk\documents\projects\code\game modifications\openjk\src\build\codemp\cgame\cgamex86.dir\debug\fx_rocketlauncher.obj
c:\users\elitk\documents\projects\code\game modifications\openjk\src\build\debug\cgamex86.ilk
c:\users\elitk\documents\projects\code\game modifications\openjk\src\build\debug\cgamex86.dll
c:\users\elitk\documents\projects\code\game modifications\openjk\src\build\debug\cgamex86.pdb
c:\users\elitk\documents\projects\code\game modifications\openjk\src\build\codemp\cgame\debug\cgamex86.lib
c:\users\elitk\documents\projects\code\game modifications\openjk\src\build\codemp\cgame\debug\cgamex86.exp
c:\users\elitk\documents\projects\code\game modifications\openjk\src\build\codemp\cgame\cgamex86.dir\debug\vcpkg.applocal.log
c:\users\elitk\documents\projects\code\game modifications\openjk\src\build\codemp\cgame\cgamex86.dir\debug\mp clien.9c5a2679.tlog\cl.command.1.tlog
c:\users\elitk\documents\projects\code\game modifications\openjk\src\build\codemp\cgame\cgamex86.dir\debug\mp clien.9c5a2679.tlog\cl.read.1.tlog
c:\users\elitk\documents\projects\code\game modifications\openjk\src\build\codemp\cgame\cgamex86.dir\debug\mp clien.9c5a2679.tlog\cl.write.1.tlog
c:\users\elitk\documents\projects\code\game modifications\openjk\src\build\codemp\cgame\cgamex86.dir\debug\mp clien.9c5a2679.tlog\link.command.1.tlog
c:\users\elitk\documents\projects\code\game modifications\openjk\src\build\codemp\cgame\cgamex86.dir\debug\mp clien.9c5a2679.tlog\link.read.1.tlog
c:\users\elitk\documents\projects\code\game modifications\openjk\src\build\codemp\cgame\cgamex86.dir\debug\mp clien.9c5a2679.tlog\link.write.1.tlog
c:\users\elitk\documents\projects\code\game modifications\openjk\src\build\codemp\cgame\cgamex86.dir\debug\mp clien.9c5a2679.tlog\mp client game library.write.1u.tlog
