  cm_load.cpp
  cm_patch.cpp
  cm_polylib.cpp
  cm_test.cpp
  cm_trace.cpp
  cmd.cpp
  common.cpp
  cvar.cpp
  GenericParser2.cpp
  huffman.cpp
  md4.cpp
  md5.cpp
  msg.cpp
  matcomp.cpp
  net_chan.cpp
  net_ip.cpp
  persistence.cpp
  q_shared.cpp
  RoffSystem.cpp
  stringed_ingame.cpp
  stringed_interface.cpp
  vm.cpp
  z_memman_pc.cpp
  BlockStream.cpp
  GameInterface.cpp
  Instance.cpp
  Interface.cpp
  Memory.cpp
  Q3_Interface.cpp
  Q3_Registers.cpp
  Sequence.cpp
  Sequencer.cpp
  TaskManager.cpp
  navigator.cpp
  sv_bot.cpp
  sv_ccmds.cpp
  sv_challenge.cpp
  sv_client.cpp
  sv_game.cpp
  sv_init.cpp
  sv_main.cpp
  sv_net_chan.cpp
  sv_snapshot.cpp
  sv_world.cpp
  sv_gameapi.cpp
  snapvector.cpp
  cl_avi.cpp
  cl_cgame.cpp
  cl_cgameapi.cpp
  cl_cin.cpp
  cl_console.cpp
  cl_input.cpp
  cl_keys.cpp
  cl_lan.cpp
  cl_main.cpp
  cl_net_chan.cpp
  cl_parse.cpp
  cl_scrn.cpp
  cl_ui.cpp
  cl_uiapi.cpp
  FXExport.cpp
  FxPrimitives.cpp
  FxScheduler.cpp
  FxSystem.cpp
  FxTemplate.cpp
  FxUtil.cpp
  snd_ambient.cpp
  snd_dma.cpp
  snd_mem.cpp
  snd_mix.cpp
  snd_mp3.cpp
  snd_music.cpp
  sdl_window.cpp
  sdl_input.cpp
  sdl_sound.cpp
  sys_main.cpp
  sys_event.cpp
  con_log.cpp
  sys_win32.cpp
  con_passive.cpp
  files.cpp
  q_color.c
  q_math.c
  q_string.c
  cdct.c
  csbt.c
  csbtb.c
  csbtl3.c
  cup.c
  cupini.c
  cupl1.c
  cupl3.c
  cwin.c
  cwinb.c
  cwinm.c
  hwin.c
  l3dq.c
  l3init.c
  mdct.c
  mhead.c
  msis.c
  towave.c
  uph.c
  upsf.c
  wavep.c
  files.cpp
     Creating library C:/Users/elitk/Documents/Projects/Code/Game Modifications/OpenJK/src/build/codemp/Debug/openjk.x86.lib and object C:/Users/elitk/Documents/Projects/Code/Game Modifications/OpenJK/src/build/codemp/Debug/openjk.x86.exp
  openjk.x86.vcxproj -> C:\Users\elitk\Documents\Projects\Code\Game Modifications\OpenJK\src\build\Debug\openjk.x86.exe
