c:\users\elitk\documents\projects\code\game modifications\openjk\src\build\codemp\openjk.x86.dir\debug\vc142.pdb
c:\users\elitk\documents\projects\code\game modifications\openjk\src\build\codemp\openjk.x86.dir\debug\qcommon\files.cpp.obj
c:\users\elitk\documents\projects\code\game modifications\openjk\src\build\codemp\openjk.x86.dir\debug\cm_patch.obj
c:\users\elitk\documents\projects\code\game modifications\openjk\src\build\codemp\openjk.x86.dir\debug\persistence.obj
c:\users\elitk\documents\projects\code\game modifications\openjk\src\build\codemp\openjk.x86.dir\debug\gameinterface.obj
c:\users\elitk\documents\projects\code\game modifications\openjk\src\build\codemp\openjk.x86.dir\debug\sv_bot.obj
c:\users\elitk\documents\projects\code\game modifications\openjk\src\build\codemp\openjk.x86.dir\debug\cl_cgame.obj
c:\users\elitk\documents\projects\code\game modifications\openjk\src\build\codemp\openjk.x86.dir\debug\snd_mix.obj
c:\users\elitk\documents\projects\code\game modifications\openjk\src\build\codemp\openjk.x86.dir\debug\cm_trace.obj
c:\users\elitk\documents\projects\code\game modifications\openjk\src\build\codemp\openjk.x86.dir\debug\matcomp.obj
c:\users\elitk\documents\projects\code\game modifications\openjk\src\build\codemp\openjk.x86.dir\debug\blockstream.obj
c:\users\elitk\documents\projects\code\game modifications\openjk\src\build\codemp\openjk.x86.dir\debug\sequencer.obj
c:\users\elitk\documents\projects\code\game modifications\openjk\src\build\codemp\openjk.x86.dir\debug\sv_snapshot.obj
c:\users\elitk\documents\projects\code\game modifications\openjk\src\build\codemp\openjk.x86.dir\debug\cl_main.obj
c:\users\elitk\documents\projects\code\game modifications\openjk\src\build\codemp\openjk.x86.dir\debug\con_log.obj
c:\users\elitk\documents\projects\code\game modifications\openjk\src\build\codemp\openjk.x86.dir\debug\con_passive.obj
c:\users\elitk\documents\projects\code\game modifications\openjk\src\build\codemp\openjk.x86.dir\debug\cm_test.obj
c:\users\elitk\documents\projects\code\game modifications\openjk\src\build\codemp\openjk.x86.dir\debug\net_chan.obj
c:\users\elitk\documents\projects\code\game modifications\openjk\src\build\codemp\openjk.x86.dir\debug\z_memman_pc.obj
c:\users\elitk\documents\projects\code\game modifications\openjk\src\build\codemp\openjk.x86.dir\debug\q3_interface.obj
c:\users\elitk\documents\projects\code\game modifications\openjk\src\build\codemp\openjk.x86.dir\debug\sv_main.obj
c:\users\elitk\documents\projects\code\game modifications\openjk\src\build\codemp\openjk.x86.dir\debug\cl_input.obj
c:\users\elitk\documents\projects\code\game modifications\openjk\src\build\codemp\openjk.x86.dir\debug\cl_parse.obj
c:\users\elitk\documents\projects\code\game modifications\openjk\src\build\codemp\openjk.x86.dir\debug\fxscheduler.obj
c:\users\elitk\documents\projects\code\game modifications\openjk\src\build\codemp\openjk.x86.dir\debug\sdl_sound.obj
c:\users\elitk\documents\projects\code\game modifications\openjk\src\build\codemp\openjk.x86.dir\debug\md5.obj
c:\users\elitk\documents\projects\code\game modifications\openjk\src\build\codemp\openjk.x86.dir\debug\q_shared.obj
c:\users\elitk\documents\projects\code\game modifications\openjk\src\build\codemp\openjk.x86.dir\debug\instance.obj
c:\users\elitk\documents\projects\code\game modifications\openjk\src\build\codemp\openjk.x86.dir\debug\sv_client.obj
c:\users\elitk\documents\projects\code\game modifications\openjk\src\build\codemp\openjk.x86.dir\debug\cl_cgameapi.obj
c:\users\elitk\documents\projects\code\game modifications\openjk\src\build\codemp\openjk.x86.dir\debug\fxsystem.obj
c:\users\elitk\documents\projects\code\game modifications\openjk\src\build\codemp\openjk.x86.dir\debug\sdl_input.obj
c:\users\elitk\documents\projects\code\game modifications\openjk\src\build\codemp\openjk.x86.dir\debug\md4.obj
c:\users\elitk\documents\projects\code\game modifications\openjk\src\build\codemp\openjk.x86.dir\debug\vm.obj
c:\users\elitk\documents\projects\code\game modifications\openjk\src\build\codemp\openjk.x86.dir\debug\memory.obj
c:\users\elitk\documents\projects\code\game modifications\openjk\src\build\codemp\openjk.x86.dir\debug\sv_ccmds.obj
c:\users\elitk\documents\projects\code\game modifications\openjk\src\build\codemp\openjk.x86.dir\debug\snapvector.obj
c:\users\elitk\documents\projects\code\game modifications\openjk\src\build\codemp\openjk.x86.dir\debug\cl_avi.obj
c:\users\elitk\documents\projects\code\game modifications\openjk\src\build\codemp\openjk.x86.dir\debug\snd_mem.obj
c:\users\elitk\documents\projects\code\game modifications\openjk\src\build\codemp\openjk.x86.dir\debug\cm_polylib.obj
c:\users\elitk\documents\projects\code\game modifications\openjk\src\build\codemp\openjk.x86.dir\debug\stringed_ingame.obj
c:\users\elitk\documents\projects\code\game modifications\openjk\src\build\codemp\openjk.x86.dir\debug\sv_game.obj
c:\users\elitk\documents\projects\code\game modifications\openjk\src\build\codemp\openjk.x86.dir\debug\cl_lan.obj
c:\users\elitk\documents\projects\code\game modifications\openjk\src\build\codemp\openjk.x86.dir\debug\fxexport.obj
c:\users\elitk\documents\projects\code\game modifications\openjk\src\build\codemp\openjk.x86.dir\debug\snd_music.obj
c:\users\elitk\documents\projects\code\game modifications\openjk\src\build\codemp\openjk.x86.dir\debug\cm_load.obj
c:\users\elitk\documents\projects\code\game modifications\openjk\src\build\codemp\openjk.x86.dir\debug\msg.obj
c:\users\elitk\documents\projects\code\game modifications\openjk\src\build\codemp\openjk.x86.dir\debug\q3_registers.obj
c:\users\elitk\documents\projects\code\game modifications\openjk\src\build\codemp\openjk.x86.dir\debug\sv_net_chan.obj
c:\users\elitk\documents\projects\code\game modifications\openjk\src\build\codemp\openjk.x86.dir\debug\cl_net_chan.obj
c:\users\elitk\documents\projects\code\game modifications\openjk\src\build\codemp\openjk.x86.dir\debug\fxtemplate.obj
c:\users\elitk\documents\projects\code\game modifications\openjk\src\build\codemp\openjk.x86.dir\debug\sys_main.obj
c:\users\elitk\documents\projects\code\game modifications\openjk\src\build\codemp\openjk.x86.dir\debug\huffman.obj
c:\users\elitk\documents\projects\code\game modifications\openjk\src\build\codemp\openjk.x86.dir\debug\net_ip.obj
c:\users\elitk\documents\projects\code\game modifications\openjk\src\build\codemp\openjk.x86.dir\debug\sv_challenge.obj
c:\users\elitk\documents\projects\code\game modifications\openjk\src\build\codemp\openjk.x86.dir\debug\sv_gameapi.obj
c:\users\elitk\documents\projects\code\game modifications\openjk\src\build\codemp\openjk.x86.dir\debug\cl_ui.obj
c:\users\elitk\documents\projects\code\game modifications\openjk\src\build\codemp\openjk.x86.dir\debug\snd_dma.obj
c:\users\elitk\documents\projects\code\game modifications\openjk\src\build\codemp\openjk.x86.dir\debug\cvar.obj
c:\users\elitk\documents\projects\code\game modifications\openjk\src\build\codemp\openjk.x86.dir\debug\stringed_interface.obj
c:\users\elitk\documents\projects\code\game modifications\openjk\src\build\codemp\openjk.x86.dir\debug\sequence.obj
c:\users\elitk\documents\projects\code\game modifications\openjk\src\build\codemp\openjk.x86.dir\debug\sv_world.obj
c:\users\elitk\documents\projects\code\game modifications\openjk\src\build\codemp\openjk.x86.dir\debug\fxprimitives.obj
c:\users\elitk\documents\projects\code\game modifications\openjk\src\build\codemp\openjk.x86.dir\debug\snd_mp3.obj
c:\users\elitk\documents\projects\code\game modifications\openjk\src\build\codemp\openjk.x86.dir\debug\cmd.obj
c:\users\elitk\documents\projects\code\game modifications\openjk\src\build\codemp\openjk.x86.dir\debug\interface.obj
c:\users\elitk\documents\projects\code\game modifications\openjk\src\build\codemp\openjk.x86.dir\debug\sv_init.obj
c:\users\elitk\documents\projects\code\game modifications\openjk\src\build\codemp\openjk.x86.dir\debug\cl_keys.obj
c:\users\elitk\documents\projects\code\game modifications\openjk\src\build\codemp\openjk.x86.dir\debug\cl_uiapi.obj
c:\users\elitk\documents\projects\code\game modifications\openjk\src\build\codemp\openjk.x86.dir\debug\sdl_window.obj
c:\users\elitk\documents\projects\code\game modifications\openjk\src\build\codemp\openjk.x86.dir\debug\common.obj
c:\users\elitk\documents\projects\code\game modifications\openjk\src\build\codemp\openjk.x86.dir\debug\taskmanager.obj
c:\users\elitk\documents\projects\code\game modifications\openjk\src\build\codemp\openjk.x86.dir\debug\cl_cin.obj
c:\users\elitk\documents\projects\code\game modifications\openjk\src\build\codemp\openjk.x86.dir\debug\fxutil.obj
c:\users\elitk\documents\projects\code\game modifications\openjk\src\build\codemp\openjk.x86.dir\debug\sys_event.obj
c:\users\elitk\documents\projects\code\game modifications\openjk\src\build\codemp\openjk.x86.dir\debug\sys_win32.obj
c:\users\elitk\documents\projects\code\game modifications\openjk\src\build\codemp\openjk.x86.dir\debug\genericparser2.obj
c:\users\elitk\documents\projects\code\game modifications\openjk\src\build\codemp\openjk.x86.dir\debug\roffsystem.obj
c:\users\elitk\documents\projects\code\game modifications\openjk\src\build\codemp\openjk.x86.dir\debug\navigator.obj
c:\users\elitk\documents\projects\code\game modifications\openjk\src\build\codemp\openjk.x86.dir\debug\cl_console.obj
c:\users\elitk\documents\projects\code\game modifications\openjk\src\build\codemp\openjk.x86.dir\debug\cl_scrn.obj
c:\users\elitk\documents\projects\code\game modifications\openjk\src\build\codemp\openjk.x86.dir\debug\snd_ambient.obj
c:\users\elitk\documents\projects\code\game modifications\openjk\src\build\codemp\openjk.x86.dir\debug\csbtb.obj
c:\users\elitk\documents\projects\code\game modifications\openjk\src\build\codemp\openjk.x86.dir\debug\cwinb.obj
c:\users\elitk\documents\projects\code\game modifications\openjk\src\build\codemp\openjk.x86.dir\debug\mdct.obj
c:\users\elitk\documents\projects\code\game modifications\openjk\src\build\codemp\openjk.x86.dir\debug\q_color.obj
c:\users\elitk\documents\projects\code\game modifications\openjk\src\build\codemp\openjk.x86.dir\debug\l3init.obj
c:\users\elitk\documents\projects\code\game modifications\openjk\src\build\codemp\openjk.x86.dir\debug\cup.obj
c:\users\elitk\documents\projects\code\game modifications\openjk\src\build\codemp\openjk.x86.dir\debug\csbtl3.obj
c:\users\elitk\documents\projects\code\game modifications\openjk\src\build\codemp\openjk.x86.dir\debug\cwinm.obj
c:\users\elitk\documents\projects\code\game modifications\openjk\src\build\codemp\openjk.x86.dir\debug\cwin.obj
c:\users\elitk\documents\projects\code\game modifications\openjk\src\build\codemp\openjk.x86.dir\debug\hwin.obj
c:\users\elitk\documents\projects\code\game modifications\openjk\src\build\codemp\openjk.x86.dir\debug\csbt.obj
c:\users\elitk\documents\projects\code\game modifications\openjk\src\build\codemp\openjk.x86.dir\debug\uph.obj
c:\users\elitk\documents\projects\code\game modifications\openjk\src\build\codemp\openjk.x86.dir\debug\cupini.obj
c:\users\elitk\documents\projects\code\game modifications\openjk\src\build\codemp\openjk.x86.dir\debug\msis.obj
c:\users\elitk\documents\projects\code\game modifications\openjk\src\build\codemp\openjk.x86.dir\debug\cdct.obj
c:\users\elitk\documents\projects\code\game modifications\openjk\src\build\codemp\openjk.x86.dir\debug\upsf.obj
c:\users\elitk\documents\projects\code\game modifications\openjk\src\build\codemp\openjk.x86.dir\debug\q_string.obj
c:\users\elitk\documents\projects\code\game modifications\openjk\src\build\codemp\openjk.x86.dir\debug\towave.obj
c:\users\elitk\documents\projects\code\game modifications\openjk\src\build\codemp\openjk.x86.dir\debug\cupl3.obj
c:\users\elitk\documents\projects\code\game modifications\openjk\src\build\codemp\openjk.x86.dir\debug\cupl1.obj
c:\users\elitk\documents\projects\code\game modifications\openjk\src\build\codemp\openjk.x86.dir\debug\l3dq.obj
c:\users\elitk\documents\projects\code\game modifications\openjk\src\build\codemp\openjk.x86.dir\debug\q_math.obj
c:\users\elitk\documents\projects\code\game modifications\openjk\src\build\codemp\openjk.x86.dir\debug\mhead.obj
c:\users\elitk\documents\projects\code\game modifications\openjk\src\build\codemp\openjk.x86.dir\debug\wavep.obj
c:\users\elitk\documents\projects\code\game modifications\openjk\src\build\codemp\openjk.x86.dir\debug\__\shared\qcommon\safe\files.cpp.obj
c:\users\elitk\documents\projects\code\game modifications\openjk\src\build\debug\openjk.x86.ilk
c:\users\elitk\documents\projects\code\game modifications\openjk\src\build\debug\openjk.x86.exe
c:\users\elitk\documents\projects\code\game modifications\openjk\src\build\debug\openjk.x86.pdb
c:\users\elitk\documents\projects\code\game modifications\openjk\src\build\codemp\debug\openjk.x86.lib
c:\users\elitk\documents\projects\code\game modifications\openjk\src\build\codemp\debug\openjk.x86.exp
c:\users\elitk\documents\projects\code\game modifications\openjk\src\build\codemp\openjk.x86.dir\debug\vcpkg.applocal.log
c:\users\elitk\documents\projects\code\game modifications\openjk\src\build\codemp\openjk.x86.dir\debug\openjk.res
c:\users\elitk\documents\projects\code\game modifications\openjk\src\build\codemp\openjk.x86.dir\debug\mp client.tlog\cl.command.1.tlog
c:\users\elitk\documents\projects\code\game modifications\openjk\src\build\codemp\openjk.x86.dir\debug\mp client.tlog\cl.read.1.tlog
c:\users\elitk\documents\projects\code\game modifications\openjk\src\build\codemp\openjk.x86.dir\debug\mp client.tlog\cl.write.1.tlog
c:\users\elitk\documents\projects\code\game modifications\openjk\src\build\codemp\openjk.x86.dir\debug\mp client.tlog\link.command.1.tlog
c:\users\elitk\documents\projects\code\game modifications\openjk\src\build\codemp\openjk.x86.dir\debug\mp client.tlog\link.read.1.tlog
c:\users\elitk\documents\projects\code\game modifications\openjk\src\build\codemp\openjk.x86.dir\debug\mp client.tlog\link.write.1.tlog
c:\users\elitk\documents\projects\code\game modifications\openjk\src\build\codemp\openjk.x86.dir\debug\mp client.tlog\mp client.write.1u.tlog
c:\users\elitk\documents\projects\code\game modifications\openjk\src\build\codemp\openjk.x86.dir\debug\mp client.tlog\rc.command.1.tlog
c:\users\elitk\documents\projects\code\game modifications\openjk\src\build\codemp\openjk.x86.dir\debug\mp client.tlog\rc.read.1.tlog
c:\users\elitk\documents\projects\code\game modifications\openjk\src\build\codemp\openjk.x86.dir\debug\mp client.tlog\rc.write.1.tlog
